<?xml version="1.0" encoding="UTF-8"?>
<!-- Generated by org.testng.reporters.JUnitReportReporter -->
<testsuite skipped="0" hostname="DESKTOP-92K0J4E" name="TestingDemo" tests="2" failures="0" timestamp="2021-02-24T15:07:24 IST" time="3.920" errors="0">
  <testcase name="test1" time="3.013" classname="TestingDemo"/>
  <system-out/>
  <testcase name="test2" time="0.907" classname="TestingDemo"/>
  <system-out/>
</testsuite> <!-- TestingDemo -->
