<?xml version="1.0" encoding="UTF-8"?>
<!-- Generated by org.testng.reporters.JUnitReportReporter -->
<testsuite skipped="0" hostname="DESKTOP-92K0J4E" name="Test_Patch" tests="1" failures="0" timestamp="2021-02-24T16:15:17 IST" time="3.475" errors="0">
  <testcase name="patch_Test" time="3.475" classname="Test_Patch"/>
  <system-out/>
</testsuite> <!-- Test_Patch -->
