<?xml version="1.0" encoding="UTF-8"?>
<!-- Generated by org.testng.reporters.JUnitReportReporter -->
<testsuite skipped="0" hostname="DESKTOP-92K0J4E" name="Test_Get" tests="1" failures="0" timestamp="2021-02-24T15:30:43 IST" time="4.274" errors="0">
  <testcase name="getTest" time="4.274" classname="Test_Get"/>
  <system-out/>
</testsuite> <!-- Test_Get -->
