<?xml version="1.0" encoding="UTF-8"?>
<!-- Generated by org.testng.reporters.JUnitReportReporter -->
<testsuite skipped="0" hostname="DESKTOP-92K0J4E" name="Test_Post" tests="1" failures="0" timestamp="2021-02-24T16:09:31 IST" time="3.343" errors="0">
  <testcase name="post_Test" time="3.343" classname="Test_Post"/>
  <system-out/>
</testsuite> <!-- Test_Post -->
