<?xml version="1.0" encoding="UTF-8"?>
<!-- Generated by org.testng.reporters.JUnitReportReporter -->
<testsuite skipped="0" hostname="DESKTOP-92K0J4E" name="Test_Delete" tests="1" failures="0" timestamp="2021-02-24T16:27:47 IST" time="3.421" errors="0">
  <testcase name="delete_Test" time="3.421" classname="Test_Delete"/>
  <system-out/>
</testsuite> <!-- Test_Delete -->
